<?xml version="1.0" encoding="UTF-8"?>
<!-- Generated by org.testng.reporters.JUnitXMLReporter -->
<testsuite ignored="0" hostname="DESKTOP-M2D5Q7M" failures="2" tests="3" name="ParkingCalculatorTest" time="7.042" errors="0" timestamp="12 мая 2019 14:29:27 GMT">
  <testcase classname="test.intro.ParkingCalculatorTest" name="test" time="4.928">
    <failure type="java.lang.AssertionError" message="Selected value is right expected [Short-Term Parking] but found [Economy Parking]">
      <![CDATA[java.lang.AssertionError: Selected value is right expected [Short-Term Parking] but found [Economy Parking]
at test.webelements.WebSelect.selectByVisibleText(WebSelect.java:81)
at test.intro.ParkingCalculatorTest.test(ParkingCalculatorTest.java:51)
at java.base/java.util.concurrent.FutureTask.run(FutureTask.java:264)
at java.base/java.util.concurrent.Executors$RunnableAdapter.call(Executors.java:515)
at java.base/java.util.concurrent.FutureTask.run(FutureTask.java:264)
at java.base/java.util.concurrent.ThreadPoolExecutor.runWorker(ThreadPoolExecutor.java:1128)
at java.base/java.util.concurrent.ThreadPoolExecutor$Worker.run(ThreadPoolExecutor.java:628)
at java.base/java.lang.Thread.run(Thread.java:834)
... Removed 14 stack frames]]>
    </failure>
  </testcase> <!-- test -->
  <testcase classname="test.intro.ParkingCalculatorTest" name="test" time="4.935">
    <failure type="java.lang.AssertionError" message="Selected value is right expected [Short-Term Parking] but found [Economy Parking]">
      <![CDATA[java.lang.AssertionError: Selected value is right expected [Short-Term Parking] but found [Economy Parking]
at test.webelements.WebSelect.selectByVisibleText(WebSelect.java:81)
at test.intro.ParkingCalculatorTest.test(ParkingCalculatorTest.java:51)
at java.base/java.util.concurrent.FutureTask.run(FutureTask.java:264)
at java.base/java.util.concurrent.Executors$RunnableAdapter.call(Executors.java:515)
at java.base/java.util.concurrent.FutureTask.run(FutureTask.java:264)
at java.base/java.util.concurrent.ThreadPoolExecutor.runWorker(ThreadPoolExecutor.java:1128)
at java.base/java.util.concurrent.ThreadPoolExecutor$Worker.run(ThreadPoolExecutor.java:628)
at java.base/java.lang.Thread.run(Thread.java:834)
... Removed 14 stack frames]]>
    </failure>
  </testcase> <!-- test -->
  <testcase classname="test.intro.ParkingCalculatorTest" name="test" time="7.014"/>
</testsuite> <!-- ParkingCalculatorTest -->
